# JRE version: Java(TM) SE Runtime Environment (8.0_202-b08) (build 1.8.0_202-b08)
# Java VM: Java HotSpot(TM) 64-Bit Server VM (25.202-b08 mixed mode windows-amd64 compressed oops)
Heap:
 garbage-first heap   total 162816K, used 107520K [0x00000000c0000000, 0x00000000c01004f8, 0x0000000100000000)
  region size 1024K, 36 young (36864K), 1 survivors (1024K)
 Metaspace       used 57351K, capacity 60844K, committed 61084K, reserved 1103872K
  class space    used 6000K, capacity 7089K, committed 7116K, reserved 1048576K
GC Heap History (10 events):
Event: 16.205 GC heap before
{Heap before GC invocations=30 (full 0):
 garbage-first heap   total 162816K, used 133632K [0x00000000c0000000, 0x00000000c01004f8, 0x0000000100000000)
  region size 1024K, 57 young (58368K), 1 survivors (1024K)
 Metaspace       used 52980K, capacity 56124K, committed 56476K, reserved 1099776K
  class space    used 5584K, capacity 6501K, committed 6604K, reserved 1048576K
Event: 16.216 GC heap after
Heap after GC invocations=31 (full 0):
 garbage-first heap   total 162816K, used 78550K [0x00000000c0000000, 0x00000000c01004f8, 0x0000000100000000)
  region size 1024K, 4 young (4096K), 4 survivors (4096K)
 Metaspace       used 52980K, capacity 56124K, committed 56476K, reserved 1099776K
  class space    used 5584K, capacity 6501K, committed 6604K, reserved 1048576K
}
Event: 17.119 GC heap before
{Heap before GC invocations=31 (full 0):
 garbage-first heap   total 162816K, used 135894K [0x00000000c0000000, 0x00000000c01004f8, 0x0000000100000000)
  region size 1024K, 60 young (61440K), 4 survivors (4096K)
 Metaspace       used 54246K, capacity 57492K, committed 57628K, reserved 1099776K
  class space    used 5694K, capacity 6690K, committed 6732K, reserved 1048576K
Event: 17.130 GC heap after
Heap after GC invocations=32 (full 0):
 garbage-first heap   total 162816K, used 80336K [0x00000000c0000000, 0x00000000c01004f8, 0x0000000100000000)
  region size 1024K, 5 young (5120K), 5 survivors (5120K)
 Metaspace       used 54246K, capacity 57492K, committed 57628K, reserved 1099776K
  class space    used 5694K, capacity 6690K, committed 6732K, reserved 1048576K
}
Event: 52.264 GC heap before
{Heap before GC invocations=33 (full 0):
 garbage-first heap   total 162816K, used 136656K [0x00000000c0000000, 0x00000000c01004f8, 0x0000000100000000)
  region size 1024K, 61 young (62464K), 5 survivors (5120K)
 Metaspace       used 55679K, capacity 59036K, committed 59292K, reserved 1101824K
  class space    used 5811K, capacity 6836K, committed 6860K, reserved 1048576K
Event: 52.281 GC heap after
Heap after GC invocations=34 (full 0):
 garbage-first heap   total 162816K, used 80384K [0x00000000c0000000, 0x00000000c01004f8, 0x0000000100000000)
  region size 1024K, 6 young (6144K), 6 survivors (6144K)
 Metaspace       used 55679K, capacity 59036K, committed 59292K, reserved 1101824K
  class space    used 5811K, capacity 6836K, committed 6860K, reserved 1048576K
}
Event: 52.297 GC heap before
{Heap before GC invocations=34 (full 0):
 garbage-first heap   total 162816K, used 81408K [0x00000000c0000000, 0x00000000c01004f8, 0x0000000100000000)
  region size 1024K, 7 young (7168K), 6 survivors (6144K)
 Metaspace       used 55710K, capacity 59068K, committed 59420K, reserved 1101824K
  class space    used 5815K, capacity 6868K, committed 6988K, reserved 1048576K
Event: 52.321 GC heap after
Heap after GC invocations=35 (full 0):
 garbage-first heap   total 162816K, used 71849K [0x00000000c0000000, 0x00000000c01004f8, 0x0000000100000000)
  region size 1024K, 1 young (1024K), 1 survivors (1024K)
 Metaspace       used 55710K, capacity 59068K, committed 59420K, reserved 1101824K
  class space    used 5815K, capacity 6868K, committed 6988K, reserved 1048576K
}
Event: 52.506 GC heap before
{Heap before GC invocations=35 (full 0):
 garbage-first heap   total 162816K, used 77993K [0x00000000c0000000, 0x00000000c01004f8, 0x0000000100000000)
  region size 1024K, 7 young (7168K), 1 survivors (1024K)
 Metaspace       used 55878K, capacity 59292K, committed 59420K, reserved 1101824K
  class space    used 5841K, capacity 6900K, committed 6988K, reserved 1048576K
Event: 52.519 GC heap after
Heap after GC invocations=36 (full 0):
 garbage-first heap   total 162816K, used 72704K [0x00000000c0000000, 0x00000000c01004f8, 0x0000000100000000)
  region size 1024K, 1 young (1024K), 1 survivors (1024K)
 Metaspace       used 55878K, capacity 59292K, committed 59420K, reserved 1101824K
  class space    used 5841K, capacity 6900K, committed 6988K, reserved 1048576K
}

